Online hosts: 8
Retrieving speedtest.net configuration...
Testing from Datacamp Limited (138.199.19.138)...
Retrieving speedtest.net server list...
Selecting best server based on ping...
Hosted by KomMITT Ratingen (Ratingen) [184.40 km]: 60.382 ms
Testing download speed................................................................................
Download: 75.02 Mbit/s
Testing upload speed......................................................................................................
Upload: 52.87 Mbit/s
Online hosts: 6
Retrieving speedtest.net configuration...
Testing from Beltelecom (37.215.162.40)...
Retrieving speedtest.net server list...
Selecting best server based on ping...
Hosted by beCloud (Minsk) [20.04 km]: 12.5 ms
Testing download speed................................................................................
Download: 207.00 Mbit/s
Testing upload speed......................................................................................................
Upload: 108.08 Mbit/s
